<?xml version="1.0" encoding="UTF-8"?>
<robot generator="Robot 6.0.2 (Python 3.11.2 on win32)" generated="20230420 16:45:53.446" rpa="false" schemaversion="3">
<suite id="s1" name="Rate Review Test" source="C:\Data\Study\Robot\Projects\nopcommerce\testcases\rate_review_test.robot">
<test id="s1-t1" name=" Verify The First Rate For The Product" line="29">
<kw name="Initialize Environment" library="utills" type="SETUP">
<kw name="Open Browser" library="SeleniumLibrary">
<arg>about:blank</arg>
<arg>${BROWSER}</arg>
<doc>Opens a new browser instance to the optional ``url``.</doc>
<msg timestamp="20230420 16:45:53.709" level="INFO">Opening browser 'chrome' to base url 'about:blank'.</msg>
<status status="PASS" starttime="20230420 16:45:53.708" endtime="20230420 16:45:55.505"/>
</kw>
<kw name="Maximize Browser Window" library="SeleniumLibrary">
<doc>Maximizes current browser window.</doc>
<status status="PASS" starttime="20230420 16:45:55.506" endtime="20230420 16:45:55.630"/>
</kw>
<kw name="Initialize DB Connection" library="database_helper">
<kw name="Connect To Database" library="DatabaseLibrary">
<arg>pyodbc</arg>
<arg>${DBName}</arg>
<arg>${DBUser}</arg>
<arg>${DBPassword}</arg>
<arg>${DBHost}</arg>
<arg>${DBPort}</arg>
<doc>Loads the DB API 2.0 module given `dbapiModuleName` then uses it to
connect to the database using `dbName`, `dbUsername`, and `dbPassword`.</doc>
<msg timestamp="20230420 16:45:55.641" level="INFO">Connecting using : pyodbc.connect(DRIVER={SQL Server};SERVER=VNLAP5CD1355B6X,1433;DATABASE=nop;UID=thu;PWD=Nashtech1@)</msg>
<status status="PASS" starttime="20230420 16:45:55.631" endtime="20230420 16:45:55.756"/>
</kw>
<status status="PASS" starttime="20230420 16:45:55.630" endtime="20230420 16:45:55.756"/>
</kw>
<status status="PASS" starttime="20230420 16:45:53.708" endtime="20230420 16:45:55.756"/>
</kw>
<kw name="Prepare Unreviewed Product" library="product_helper">
<kw name="Execute Sql String" library="DatabaseLibrary">
<arg>Update [nop].[dbo].[Product] Set [ApprovedTotalReviews]=0</arg>
<doc>Executes the sqlString as SQL commands. Useful to pass arguments to your sql. Set optional input `sansTran` to
True to run command without an explicit transaction commit or rollback.</doc>
<msg timestamp="20230420 16:45:55.757" level="INFO">Executing : Execute SQL String  |  Update [nop].[dbo].[Product] Set [ApprovedTotalReviews]=0 </msg>
<status status="PASS" starttime="20230420 16:45:55.757" endtime="20230420 16:45:55.763"/>
</kw>
<kw name="Execute Sql String" library="DatabaseLibrary">
<arg>Delete From [nop].[dbo].[ProductReview]</arg>
<arg>Where Title &lt;&gt; 'Some sample review'</arg>
<doc>Executes the sqlString as SQL commands. Useful to pass arguments to your sql. Set optional input `sansTran` to
True to run command without an explicit transaction commit or rollback.</doc>
<msg timestamp="20230420 16:45:55.764" level="INFO">Executing : Execute SQL String  |  Delete From [nop].[dbo].[ProductReview] </msg>
<status status="PASS" starttime="20230420 16:45:55.763" endtime="20230420 16:45:55.768"/>
</kw>
<status status="PASS" starttime="20230420 16:45:55.757" endtime="20230420 16:45:55.768"/>
</kw>
<kw name="Go To Home Page" library="home_page">
<kw name="Go To" library="SeleniumLibrary">
<arg>${URL}</arg>
<doc>Navigates the current browser window to the provided ``url``.</doc>
<msg timestamp="20230420 16:45:55.769" level="INFO">Opening url 'http://localhost:5000/'</msg>
<status status="PASS" starttime="20230420 16:45:55.768" endtime="20230420 16:45:56.060"/>
</kw>
<status status="PASS" starttime="20230420 16:45:55.768" endtime="20230420 16:45:56.061"/>
</kw>
<kw name="Login To System" library="login_page">
<kw name="Wait Until Element Is Visible" library="SeleniumLibrary">
<arg>${LOGO_LINK_LOCATOR}</arg>
<doc>Waits until the element ``locator`` is visible.</doc>
<status status="PASS" starttime="20230420 16:45:56.062" endtime="20230420 16:45:56.106"/>
</kw>
<kw name="Register New Random User" library="register_page">
<var>${email}</var>
<kw name="Get Current Date" library="DateTime">
<var>${timestamp}</var>
<arg>result_format=epoch</arg>
<doc>Returns current local or UTC time with an optional increment.</doc>
<msg timestamp="20230420 16:45:56.107" level="INFO">${timestamp} = 1681983956.107231</msg>
<status status="PASS" starttime="20230420 16:45:56.107" endtime="20230420 16:45:56.107"/>
</kw>
<kw name="Generate Random String" library="String">
<var>${random_string}</var>
<arg>5</arg>
<arg>[LOWER]</arg>
<doc>Generates a string with a desired ``length`` from the given ``chars``.</doc>
<msg timestamp="20230420 16:45:56.107" level="INFO">${random_string} = xzdsh</msg>
<status status="PASS" starttime="20230420 16:45:56.107" endtime="20230420 16:45:56.107"/>
</kw>
<kw name="Generate Random String" library="String">
<var>${gender}</var>
<arg>1</arg>
<arg>MF</arg>
<doc>Generates a string with a desired ``length`` from the given ``chars``.</doc>
<msg timestamp="20230420 16:45:56.108" level="INFO">${gender} = F</msg>
<status status="PASS" starttime="20230420 16:45:56.107" endtime="20230420 16:45:56.108"/>
</kw>
<kw name="Set Variable" library="BuiltIn">
<var>${firstname}</var>
<arg>${random_string}_first</arg>
<doc>Returns the given values which can then be assigned to a variables.</doc>
<msg timestamp="20230420 16:45:56.108" level="INFO">${firstname} = xzdsh_first</msg>
<status status="PASS" starttime="20230420 16:45:56.108" endtime="20230420 16:45:56.108"/>
</kw>
<kw name="Set Variable" library="BuiltIn">
<var>${lastname}</var>
<arg>${random_string}_last</arg>
<doc>Returns the given values which can then be assigned to a variables.</doc>
<msg timestamp="20230420 16:45:56.109" level="INFO">${lastname} = xzdsh_last</msg>
<status status="PASS" starttime="20230420 16:45:56.108" endtime="20230420 16:45:56.109"/>
</kw>
<kw name="Evaluate" library="BuiltIn">
<var>${dob_day}</var>
<arg>random.randint(1, 31)</arg>
<arg>random</arg>
<doc>Evaluates the given expression in Python and returns the result.</doc>
<msg timestamp="20230420 16:45:56.109" level="INFO">${dob_day} = 22</msg>
<status status="PASS" starttime="20230420 16:45:56.109" endtime="20230420 16:45:56.109"/>
</kw>
<kw name="Evaluate" library="BuiltIn">
<var>${dob_month}</var>
<arg>random.randint(1, 12)</arg>
<arg>random</arg>
<doc>Evaluates the given expression in Python and returns the result.</doc>
<msg timestamp="20230420 16:45:56.109" level="INFO">${dob_month} = 10</msg>
<status status="PASS" starttime="20230420 16:45:56.109" endtime="20230420 16:45:56.109"/>
</kw>
<kw name="Evaluate" library="BuiltIn">
<var>${dob_year}</var>
<arg>random.randint(1913, 2023)</arg>
<arg>random</arg>
<doc>Evaluates the given expression in Python and returns the result.</doc>
<msg timestamp="20230420 16:45:56.110" level="INFO">${dob_year} = 1940</msg>
<status status="PASS" starttime="20230420 16:45:56.110" endtime="20230420 16:45:56.110"/>
</kw>
<kw name="Set Variable" library="BuiltIn">
<var>${email}</var>
<arg>${random_string}_${timestamp}@gmail.com</arg>
<doc>Returns the given values which can then be assigned to a variables.</doc>
<msg timestamp="20230420 16:45:56.110" level="INFO">${email} = xzdsh_1681983956.107231@gmail.com</msg>
<status status="PASS" starttime="20230420 16:45:56.110" endtime="20230420 16:45:56.110"/>
</kw>
<kw name="Set Variable" library="BuiltIn">
<var>${company}</var>
<arg>${random_string}_company</arg>
<doc>Returns the given values which can then be assigned to a variables.</doc>
<msg timestamp="20230420 16:45:56.110" level="INFO">${company} = xzdsh_company</msg>
<status status="PASS" starttime="20230420 16:45:56.110" endtime="20230420 16:45:56.110"/>
</kw>
<kw name="Click On Link" library="web_locator">
<arg>${REGISTER_LINK_LOCATOR}</arg>
<kw name="Wait Until Element Is Visible" library="SeleniumLibrary">
<arg>${link_locator}</arg>
<doc>Waits until the element ``locator`` is visible.</doc>
<status status="PASS" starttime="20230420 16:45:56.111" endtime="20230420 16:45:56.136"/>
</kw>
<kw name="Click Element" library="SeleniumLibrary">
<arg>${link_locator}</arg>
<doc>Click the element identified by ``locator``.</doc>
<msg timestamp="20230420 16:45:56.137" level="INFO">Clicking element 'xpath://a[@class='ico-register']'.</msg>
<status status="PASS" starttime="20230420 16:45:56.136" endtime="20230420 16:45:56.274"/>
</kw>
<status status="PASS" starttime="20230420 16:45:56.110" endtime="20230420 16:45:56.274"/>
</kw>
<kw name="Select Radio Button" library="SeleniumLibrary">
<arg>${GENDER_RADIO_LOCATOR}</arg>
<arg>${gender}</arg>
<doc>Sets the radio button group ``group_name`` to ``value``.</doc>
<msg timestamp="20230420 16:45:56.275" level="INFO">Selecting 'F' from radio button 'Gender'.</msg>
<status status="PASS" starttime="20230420 16:45:56.274" endtime="20230420 16:45:56.317"/>
</kw>
<kw name="Input Texts Into Field" library="web_locator">
<arg>${FIRST_NAME_TEXTBOX_LOCATOR}</arg>
<arg>${firstname}</arg>
<kw name="Wait Until Element Is Enabled" library="SeleniumLibrary">
<arg>${field_locator}</arg>
<doc>Waits until the element ``locator`` is enabled.</doc>
<status status="PASS" starttime="20230420 16:45:56.317" endtime="20230420 16:45:56.339"/>
</kw>
<kw name="Input Text" library="SeleniumLibrary">
<arg>${field_locator}</arg>
<arg>${texts}</arg>
<doc>Types the given ``text`` into the text field identified by ``locator``.</doc>
<msg timestamp="20230420 16:45:56.339" level="INFO">Typing text 'xzdsh_first' into text field 'id:FirstName'.</msg>
<status status="PASS" starttime="20230420 16:45:56.339" endtime="20230420 16:45:56.417"/>
</kw>
<status status="PASS" starttime="20230420 16:45:56.317" endtime="20230420 16:45:56.417"/>
</kw>
<kw name="Input Texts Into Field" library="web_locator">
<arg>${LAST_NAME_TEXTBOX_LOCATOR}</arg>
<arg>${lastname}</arg>
<kw name="Wait Until Element Is Enabled" library="SeleniumLibrary">
<arg>${field_locator}</arg>
<doc>Waits until the element ``locator`` is enabled.</doc>
<status status="PASS" starttime="20230420 16:45:56.418" endtime="20230420 16:45:56.437"/>
</kw>
<kw name="Input Text" library="SeleniumLibrary">
<arg>${field_locator}</arg>
<arg>${texts}</arg>
<doc>Types the given ``text`` into the text field identified by ``locator``.</doc>
<msg timestamp="20230420 16:45:56.438" level="INFO">Typing text 'xzdsh_last' into text field 'id:LastName'.</msg>
<status status="PASS" starttime="20230420 16:45:56.437" endtime="20230420 16:45:56.494"/>
</kw>
<status status="PASS" starttime="20230420 16:45:56.417" endtime="20230420 16:45:56.495"/>
</kw>
<kw name="Select From List By Value" library="SeleniumLibrary">
<arg>${DOB_DAY_DROPDOWN_LOCATOR}</arg>
<arg>${dob_day}</arg>
<doc>Selects options from selection list ``locator`` by ``values``.</doc>
<msg timestamp="20230420 16:45:56.495" level="INFO">Selecting options from selection list 'name:DateOfBirthDay' by value 22.</msg>
<status status="PASS" starttime="20230420 16:45:56.495" endtime="20230420 16:45:56.540"/>
</kw>
<kw name="Select From List By Value" library="SeleniumLibrary">
<arg>${DOB_MONTH_DROPDOWN_LOCATOR}</arg>
<arg>${dob_month}</arg>
<doc>Selects options from selection list ``locator`` by ``values``.</doc>
<msg timestamp="20230420 16:45:56.541" level="INFO">Selecting options from selection list 'name:DateOfBirthMonth' by value 10.</msg>
<status status="PASS" starttime="20230420 16:45:56.540" endtime="20230420 16:45:56.586"/>
</kw>
<kw name="Select From List By Value" library="SeleniumLibrary">
<arg>${DOB_YEAR_DROPDOWN_LOCATOR}</arg>
<arg>${dob_year}</arg>
<doc>Selects options from selection list ``locator`` by ``values``.</doc>
<msg timestamp="20230420 16:45:56.587" level="INFO">Selecting options from selection list 'name:DateOfBirthYear' by value 1940.</msg>
<status status="PASS" starttime="20230420 16:45:56.586" endtime="20230420 16:45:56.635"/>
</kw>
<kw name="Input Texts Into Field" library="web_locator">
<arg>${EMAIL_TEXTBOX_LOCATOR}</arg>
<arg>${email}</arg>
<kw name="Wait Until Element Is Enabled" library="SeleniumLibrary">
<arg>${field_locator}</arg>
<doc>Waits until the element ``locator`` is enabled.</doc>
<status status="PASS" starttime="20230420 16:45:56.636" endtime="20230420 16:45:56.657"/>
</kw>
<kw name="Input Text" library="SeleniumLibrary">
<arg>${field_locator}</arg>
<arg>${texts}</arg>
<doc>Types the given ``text`` into the text field identified by ``locator``.</doc>
<msg timestamp="20230420 16:45:56.657" level="INFO">Typing text 'xzdsh_1681983956.107231@gmail.com' into text field 'id:Email'.</msg>
<status status="PASS" starttime="20230420 16:45:56.657" endtime="20230420 16:45:56.721"/>
</kw>
<status status="PASS" starttime="20230420 16:45:56.635" endtime="20230420 16:45:56.721"/>
</kw>
<kw name="Input Texts Into Field" library="web_locator">
<arg>${COMPANY_TEXTBOX_LOCATOR}</arg>
<arg>${company}</arg>
<kw name="Wait Until Element Is Enabled" library="SeleniumLibrary">
<arg>${field_locator}</arg>
<doc>Waits until the element ``locator`` is enabled.</doc>
<status status="PASS" starttime="20230420 16:45:56.722" endtime="20230420 16:45:56.740"/>
</kw>
<kw name="Input Text" library="SeleniumLibrary">
<arg>${field_locator}</arg>
<arg>${texts}</arg>
<doc>Types the given ``text`` into the text field identified by ``locator``.</doc>
<msg timestamp="20230420 16:45:56.740" level="INFO">Typing text 'xzdsh_company' into text field 'id:Company'.</msg>
<status status="PASS" starttime="20230420 16:45:56.740" endtime="20230420 16:45:56.798"/>
</kw>
<status status="PASS" starttime="20230420 16:45:56.721" endtime="20230420 16:45:56.798"/>
</kw>
<kw name="Input Texts Into Field" library="web_locator">
<arg>${PASSWORD_TEXTBOX_LOCATOR}</arg>
<arg>${PASSWORD_DEFAULT_DATA}</arg>
<kw name="Wait Until Element Is Enabled" library="SeleniumLibrary">
<arg>${field_locator}</arg>
<doc>Waits until the element ``locator`` is enabled.</doc>
<status status="PASS" starttime="20230420 16:45:56.798" endtime="20230420 16:45:56.817"/>
</kw>
<kw name="Input Text" library="SeleniumLibrary">
<arg>${field_locator}</arg>
<arg>${texts}</arg>
<doc>Types the given ``text`` into the text field identified by ``locator``.</doc>
<msg timestamp="20230420 16:45:56.818" level="INFO">Typing text '123456' into text field 'id:Password'.</msg>
<status status="PASS" starttime="20230420 16:45:56.817" endtime="20230420 16:45:56.876"/>
</kw>
<status status="PASS" starttime="20230420 16:45:56.798" endtime="20230420 16:45:56.877"/>
</kw>
<kw name="Input Texts Into Field" library="web_locator">
<arg>${CONFIRM_PASSWORD_TEXTBOX_LOCATOR}</arg>
<arg>${PASSWORD_DEFAULT_DATA}</arg>
<kw name="Wait Until Element Is Enabled" library="SeleniumLibrary">
<arg>${field_locator}</arg>
<doc>Waits until the element ``locator`` is enabled.</doc>
<status status="PASS" starttime="20230420 16:45:56.877" endtime="20230420 16:45:56.895"/>
</kw>
<kw name="Input Text" library="SeleniumLibrary">
<arg>${field_locator}</arg>
<arg>${texts}</arg>
<doc>Types the given ``text`` into the text field identified by ``locator``.</doc>
<msg timestamp="20230420 16:45:56.895" level="INFO">Typing text '123456' into text field 'id:ConfirmPassword'.</msg>
<status status="PASS" starttime="20230420 16:45:56.895" endtime="20230420 16:45:56.947"/>
</kw>
<status status="PASS" starttime="20230420 16:45:56.877" endtime="20230420 16:45:56.947"/>
</kw>
<kw name="Click On Element" library="web_locator">
<arg>${REGISTER_BUTTON_LOCATOR}</arg>
<kw name="Wait Until Element Is Visible" library="SeleniumLibrary">
<arg>${element_locator}</arg>
<doc>Waits until the element ``locator`` is visible.</doc>
<status status="PASS" starttime="20230420 16:45:56.948" endtime="20230420 16:45:56.961"/>
</kw>
<kw name="Click Element" library="SeleniumLibrary">
<arg>${element_locator}</arg>
<doc>Click the element identified by ``locator``.</doc>
<msg timestamp="20230420 16:45:56.962" level="INFO">Clicking element 'id:register-button'.</msg>
<status status="PASS" starttime="20230420 16:45:56.961" endtime="20230420 16:45:57.125"/>
</kw>
<status status="PASS" starttime="20230420 16:45:56.948" endtime="20230420 16:45:57.125"/>
</kw>
<msg timestamp="20230420 16:45:57.125" level="INFO">${email} = xzdsh@gmail.com</msg>
<status status="PASS" starttime="20230420 16:45:56.106" endtime="20230420 16:45:57.125"/>
</kw>
<kw name="Run Keyword And Return Status" library="BuiltIn">
<var>${check_if_user_loged_in}</var>
<arg>Wait Until Element Is Visible</arg>
<arg>${LOGOUT_LINK_LOCATOR}</arg>
<doc>Runs the given keyword with given arguments and returns the status as a Boolean value.</doc>
<kw name="Wait Until Element Is Visible" library="SeleniumLibrary">
<arg>${LOGOUT_LINK_LOCATOR}</arg>
<doc>Waits until the element ``locator`` is visible.</doc>
<status status="PASS" starttime="20230420 16:45:57.125" endtime="20230420 16:45:57.140"/>
</kw>
<msg timestamp="20230420 16:45:57.140" level="INFO">${check_if_user_loged_in} = True</msg>
<status status="PASS" starttime="20230420 16:45:57.125" endtime="20230420 16:45:57.140"/>
</kw>
<if>
<branch type="IF" condition="not ${check_if_user_loged_in}">
<kw name="Click On Link" library="web_locator">
<arg>${LOGIN_LINK_LOCATOR}</arg>
<status status="NOT RUN" starttime="20230420 16:45:57.140" endtime="20230420 16:45:57.140"/>
</kw>
<kw name="Input Texts Into Field" library="web_locator">
<arg>${LOGIN_EMAIL_TEXTBOX_LOCATOR}</arg>
<arg>${email}</arg>
<status status="NOT RUN" starttime="20230420 16:45:57.140" endtime="20230420 16:45:57.140"/>
</kw>
<kw name="Input Texts Into Field" library="web_locator">
<arg>${LOGIN_PASSWORD_TEXTBOX_LOCATOR}</arg>
<arg>${PASSWORD_DEFAULT_DATA}</arg>
<status status="NOT RUN" starttime="20230420 16:45:57.140" endtime="20230420 16:45:57.141"/>
</kw>
<kw name="Click On Element" library="web_locator">
<arg>${LOGIN_BUTTON_LOCATOR}</arg>
<status status="NOT RUN" starttime="20230420 16:45:57.141" endtime="20230420 16:45:57.141"/>
</kw>
<status status="NOT RUN" starttime="20230420 16:45:57.140" endtime="20230420 16:45:57.141"/>
</branch>
<status status="PASS" starttime="20230420 16:45:57.140" endtime="20230420 16:45:57.141"/>
</if>
<kw name="Click On Link" library="web_locator">
<arg>${LOGO_LINK_LOCATOR}</arg>
<kw name="Wait Until Element Is Visible" library="SeleniumLibrary">
<arg>${link_locator}</arg>
<doc>Waits until the element ``locator`` is visible.</doc>
<status status="PASS" starttime="20230420 16:45:57.141" endtime="20230420 16:45:57.152"/>
</kw>
<kw name="Click Element" library="SeleniumLibrary">
<arg>${link_locator}</arg>
<doc>Click the element identified by ``locator``.</doc>
<msg timestamp="20230420 16:45:57.153" level="INFO">Clicking element 'xpath://img[@alt='Your store name']'.</msg>
<status status="PASS" starttime="20230420 16:45:57.152" endtime="20230420 16:45:57.243"/>
</kw>
<status status="PASS" starttime="20230420 16:45:57.141" endtime="20230420 16:45:57.243"/>
</kw>
<status status="PASS" starttime="20230420 16:45:56.061" endtime="20230420 16:45:57.243"/>
</kw>
<kw name="Open A Product Page" library="categories_page">
<arg>${DIGITAL_DOWNLOADS_MENU_LINK_LOCATOR}</arg>
<arg>${PRODUCT_LINK_LOCATOR}</arg>
<kw name="Click On Link" library="web_locator">
<arg>${category_manu_locator}</arg>
<kw name="Wait Until Element Is Visible" library="SeleniumLibrary">
<arg>${link_locator}</arg>
<doc>Waits until the element ``locator`` is visible.</doc>
<status status="PASS" starttime="20230420 16:45:57.245" endtime="20230420 16:45:57.271"/>
</kw>
<kw name="Click Element" library="SeleniumLibrary">
<arg>${link_locator}</arg>
<doc>Click the element identified by ``locator``.</doc>
<msg timestamp="20230420 16:45:57.272" level="INFO">Clicking element 'xpath://a[text()='Digital downloads ']'.</msg>
<status status="PASS" starttime="20230420 16:45:57.271" endtime="20230420 16:45:57.446"/>
</kw>
<status status="PASS" starttime="20230420 16:45:57.244" endtime="20230420 16:45:57.447"/>
</kw>
<kw name="Click On Link" library="web_locator">
<arg>${product_locator}</arg>
<kw name="Wait Until Element Is Visible" library="SeleniumLibrary">
<arg>${link_locator}</arg>
<doc>Waits until the element ``locator`` is visible.</doc>
<status status="PASS" starttime="20230420 16:45:57.447" endtime="20230420 16:45:57.470"/>
</kw>
<kw name="Click Element" library="SeleniumLibrary">
<arg>${link_locator}</arg>
<doc>Click the element identified by ``locator``.</doc>
<msg timestamp="20230420 16:45:57.470" level="INFO">Clicking element 'xpath://h2[@class='product-title']/a'.</msg>
<status status="PASS" starttime="20230420 16:45:57.470" endtime="20230420 16:45:58.577"/>
</kw>
<status status="PASS" starttime="20230420 16:45:57.447" endtime="20230420 16:45:58.577"/>
</kw>
<kw name="Get Text" library="SeleniumLibrary">
<var>${PRODUCT_NAME_GLOBAL}</var>
<arg>${PRODUCT_NAME_LOCATOR}</arg>
<doc>Returns the text value of the element identified by ``locator``.</doc>
<msg timestamp="20230420 16:45:58.599" level="INFO">${PRODUCT_NAME_GLOBAL} = If You Wait (donation)</msg>
<status status="PASS" starttime="20230420 16:45:58.577" endtime="20230420 16:45:58.599"/>
</kw>
<kw name="Set Global Variable" library="BuiltIn">
<arg>${PRODUCT_NAME_GLOBAL}</arg>
<doc>Makes a variable available globally in all tests and suites.</doc>
<msg timestamp="20230420 16:45:58.599" level="INFO">${PRODUCT_NAME_GLOBAL} = If You Wait (donation)</msg>
<status status="PASS" starttime="20230420 16:45:58.599" endtime="20230420 16:45:58.599"/>
</kw>
<status status="PASS" starttime="20230420 16:45:57.244" endtime="20230420 16:45:58.599"/>
</kw>
<kw name="Click On The First To Review Link" library="product_details_page">
<kw name="Element Should Be Visible" library="SeleniumLibrary">
<arg>${FIRST_REVIEW_LINK_LOCATOR}</arg>
<doc>Verifies that the element identified by ``locator`` is visible.</doc>
<msg timestamp="20230420 16:45:58.620" level="INFO">Element 'xpath://a[text()='Be the first to review this product']' is displayed.</msg>
<status status="PASS" starttime="20230420 16:45:58.600" endtime="20230420 16:45:58.620"/>
</kw>
<kw name="Click On Link" library="web_locator">
<arg>${FIRST_REVIEW_LINK_LOCATOR}</arg>
<kw name="Wait Until Element Is Visible" library="SeleniumLibrary">
<arg>${link_locator}</arg>
<doc>Waits until the element ``locator`` is visible.</doc>
<status status="PASS" starttime="20230420 16:45:58.621" endtime="20230420 16:45:58.631"/>
</kw>
<kw name="Click Element" library="SeleniumLibrary">
<arg>${link_locator}</arg>
<doc>Click the element identified by ``locator``.</doc>
<msg timestamp="20230420 16:45:58.632" level="INFO">Clicking element 'xpath://a[text()='Be the first to review this product']'.</msg>
<status status="PASS" starttime="20230420 16:45:58.631" endtime="20230420 16:46:28.744"/>
</kw>
<status status="PASS" starttime="20230420 16:45:58.620" endtime="20230420 16:46:28.744"/>
</kw>
<status status="PASS" starttime="20230420 16:45:58.600" endtime="20230420 16:46:28.744"/>
</kw>
<kw name="Enter Valid Review" library="review_page">
<arg>this is title</arg>
<arg>hello</arg>
<arg>1</arg>
<kw name="Input Texts Into Field" library="web_locator">
<arg>${REVIEW_TITLE_TEXTBOX_LOCATOR}</arg>
<arg>${review_title}</arg>
<kw name="Wait Until Element Is Enabled" library="SeleniumLibrary">
<arg>${field_locator}</arg>
<doc>Waits until the element ``locator`` is enabled.</doc>
<msg timestamp="20230420 16:46:34.059" level="INFO" html="true">&lt;/td&gt;&lt;/tr&gt;&lt;tr&gt;&lt;td colspan="3"&gt;&lt;a href="selenium-screenshot-30.png"&gt;&lt;img src="selenium-screenshot-30.png" width="800px"&gt;&lt;/a&gt;</msg>
<msg timestamp="20230420 16:46:34.060" level="FAIL">Element with locator 'id:AddProductReview_Title' not found.</msg>
<status status="FAIL" starttime="20230420 16:46:28.745" endtime="20230420 16:46:34.064"/>
</kw>
<kw name="Input Text" library="SeleniumLibrary">
<arg>${field_locator}</arg>
<arg>${texts}</arg>
<doc>Types the given ``text`` into the text field identified by ``locator``.</doc>
<status status="NOT RUN" starttime="20230420 16:46:34.065" endtime="20230420 16:46:34.065"/>
</kw>
<status status="FAIL" starttime="20230420 16:46:28.745" endtime="20230420 16:46:34.065"/>
</kw>
<kw name="Input Texts Into Field" library="web_locator">
<arg>${REVIEW_TEXT_TEXTBOX_LOCATOR}</arg>
<arg>${review_text}</arg>
<status status="NOT RUN" starttime="20230420 16:46:34.065" endtime="20230420 16:46:34.065"/>
</kw>
<kw name="Select Radio Button With Value" library="web_locator">
<arg>${RATING_RADIO_BUTTON_LOCATOR}</arg>
<arg>${rating}</arg>
<status status="NOT RUN" starttime="20230420 16:46:34.065" endtime="20230420 16:46:34.065"/>
</kw>
<kw name="Set Global Variable" library="BuiltIn">
<arg>${REVIEW_TITLE_GLOBAL}</arg>
<arg>${review_title}</arg>
<doc>Makes a variable available globally in all tests and suites.</doc>
<status status="NOT RUN" starttime="20230420 16:46:34.065" endtime="20230420 16:46:34.066"/>
</kw>
<kw name="Set Global Variable" library="BuiltIn">
<arg>${REVIEW_TEXT_GLOBAL}</arg>
<arg>${review_text}</arg>
<doc>Makes a variable available globally in all tests and suites.</doc>
<status status="NOT RUN" starttime="20230420 16:46:34.066" endtime="20230420 16:46:34.066"/>
</kw>
<status status="FAIL" starttime="20230420 16:46:28.744" endtime="20230420 16:46:34.066"/>
</kw>
<kw name="Submit Review" library="review_page">
<status status="NOT RUN" starttime="20230420 16:46:34.066" endtime="20230420 16:46:34.066"/>
</kw>
<kw name="Verify Review Information" library="review_page">
<status status="NOT RUN" starttime="20230420 16:46:34.067" endtime="20230420 16:46:34.067"/>
</kw>
<kw name="Clean Up Environment" library="utills" type="TEARDOWN">
<kw name="Close All Browsers" library="SeleniumLibrary">
<doc>Closes all open browsers and resets the browser cache.</doc>
<status status="PASS" starttime="20230420 16:46:34.068" endtime="20230420 16:46:40.292"/>
</kw>
<kw name="Close DB Connection" library="database_helper">
<kw name="Close All Connections" library="Telnet">
<doc>Closes all open connections and empties the connection cache.</doc>
<status status="PASS" starttime="20230420 16:46:40.292" endtime="20230420 16:46:40.293"/>
</kw>
<status status="PASS" starttime="20230420 16:46:40.292" endtime="20230420 16:46:40.293"/>
</kw>
<status status="PASS" starttime="20230420 16:46:34.068" endtime="20230420 16:46:40.293"/>
</kw>
<status status="FAIL" starttime="20230420 16:45:53.708" endtime="20230420 16:46:40.293">Element with locator 'id:AddProductReview_Title' not found.</status>
</test>
<status status="FAIL" starttime="20230420 16:45:53.448" endtime="20230420 16:46:40.294"/>
</suite>
<statistics>
<total>
<stat pass="0" fail="1" skip="0">All Tests</stat>
</total>
<tag>
</tag>
<suite>
<stat pass="0" fail="1" skip="0" id="s1" name="Rate Review Test">Rate Review Test</stat>
</suite>
</statistics>
<errors>
</errors>
</robot>
